2022-05-10 15:45:45,487  =====================================
2022-05-10 15:45:45,488  Executing TestCaseID - Testcase_id1
2022-05-10 15:45:45,488  ------------------------------------
2022-05-10 15:45:45,488  Source Connection Type: c03
2022-05-10 15:45:45,489  source_table
2022-05-10 15:45:45,489  ------------------------------------
2022-05-10 15:45:45,489  Target Connection Type: c07
2022-05-10 15:45:45,489  target_table
2022-05-10 15:45:48,568  Execution failed on sql 'select * from mf_stage.TES': ORA-00942: table or view does not exist
2022-05-10 15:45:48,568  Exporting the files....
2022-05-10 15:45:48,571  =====================================
2022-05-10 15:45:48,613  =====================================
2022-05-10 15:45:48,614  Executing TestCaseID - Testcase_id2
2022-05-10 15:45:48,614  ------------------------------------
2022-05-10 15:45:48,614  Source Connection Type: c07
2022-05-10 15:45:48,614  source_table
2022-05-10 15:45:48,614  ------------------------------------
2022-05-10 15:45:48,615  Target Connection Type: c03
2022-05-10 15:45:48,615  target_table
2022-05-10 15:45:54,330  Checking Count and Recon....
2022-05-10 15:45:54,387  Miss-Match....
2022-05-10 15:45:54,387             id store_id_source store_id_target holiday_source holiday_target order1_source order1_target sales_source sales_target
0    T1000791           336.0             336            NaN            NaN          59.0           107      46891.5      74484.0
1    T1000792           191.0             191            NaN            NaN          62.0            71     55593.72      47451.0
2    T1000793           360.0             360            NaN            NaN          33.0            39     27864.42      33873.0
3    T1000794           252.0             252            NaN            NaN          50.0            66     42577.98      52896.0
4    T1000795            63.0              63            NaN            NaN          67.0            75     47837.25      60210.0
..        ...             ...             ...            ...            ...           ...           ...          ...          ...
105  T1000896           288.0             288            NaN            NaN          70.0            70          nan      58302.0
106  T1000897           169.0             169            NaN            NaN          68.0            68          nan      60357.0
107  T1000898           312.0             312            NaN            NaN         169.0           169          nan     113463.0
108  T1000899           207.0             207            NaN            NaN          52.0            52          nan      45996.0
109  T1001000           283.0             324             R2             R3          86.0            69      57231.0      65871.0

[110 rows x 9 columns]
2022-05-10 15:45:54,399  DataFrame....
2022-05-10 15:45:54,399              id store_id_x store_type location_type_x holiday_x disount1  ... holiday_y discount discount2 order1_y   sales_y        join
0     T1000341      145.0         S1              L3        R1      1.0  ...        R1        1       Yes       54  41657.76        both
1     T1000342      144.0         S1              L3        R3      1.0  ...        R3        1       Yes       51  44448.24        both
2     T1000343      143.0         S3              L2        R3      1.0  ...        R3        1       Yes       27  22034.85        both
3     T1000344      142.0         S2              L1        R3      1.0  ...        R3        1       Yes       35  29117.25        both
4     T1000345      141.0         S1              L1        R2      1.0  ...        R2        1       Yes       58  41675.04        both
...        ...        ...        ...             ...       ...      ...  ...       ...      ...       ...      ...       ...         ...
1335  T1000336        NaN        NaN             NaN       NaN      NaN  ...        R2        1       Yes       35   32289.9  right_only
1336  T1000337        NaN        NaN             NaN       NaN      NaN  ...        R2        1       Yes       98  76955.76  right_only
1337  T1000338        NaN        NaN             NaN       NaN      NaN  ...        R4        1       Yes      119  82191.06  right_only
1338  T1000339        NaN        NaN             NaN       NaN      NaN  ...        R1        1       Yes       59  41945.64  right_only
1339  T1000340        NaN        NaN             NaN       NaN      NaN  ...        R3        1       Yes       63  42504.12  right_only

[1340 rows x 18 columns]
2022-05-10 15:45:54,418  Summary....
2022-05-10 15:45:54,418        Table_Name  Rows
0       flatfile  1000
1  mf_stage.TEST  1000
2022-05-10 15:45:54,422  Only Summary....
2022-05-10 15:45:54,422                  Summary  Row_Count
0  Only in Source Table         49
1  Only in Target Table        340
2022-05-10 15:45:54,426  Miss-Match Summary....
2022-05-10 15:45:54,427    Mismatch Column  Row Count
0        store_id        110
1         holiday          1
2          order1        110
3           sales        110
2022-05-10 15:45:54,454  Creating Report.....
2022-05-10 15:45:54,486  Success>>>>>>
2022-05-10 15:45:54,574  Exporting the files....
2022-05-10 15:45:54,591  =====================================
2022-05-10 15:45:54,619  =====================================
2022-05-10 15:45:54,620  Executing TestCaseID - Testcase_id3
2022-05-10 15:45:54,620  ------------------------------------
2022-05-10 15:45:54,620  Source Connection Type: c07
2022-05-10 15:45:54,620  source_table
2022-05-10 15:45:54,621  ------------------------------------
2022-05-10 15:45:54,621  Target Connection Type: c07
2022-05-10 15:45:54,621  target_table
2022-05-10 15:45:54,735  Checking Count and Recon....
2022-05-10 15:45:54,768  Miss-Match....
2022-05-10 15:45:54,768  Empty DataFrame
Columns: [id, store_id_source, store_id_target, store_type_source, store_type_target, location_type_source, location_type_target, holiday_source, holiday_target, disount1_source, disount1_target, discout2_source, discout2_target, order1_source, order1_target, sales_source, sales_target]
Index: []
2022-05-10 15:45:54,774  DataFrame....
2022-05-10 15:45:54,774              id store_id_x store_type_x location_type_x holiday_x disount1_x  ... holiday_y disount1_y discout2_y order1_y   sales_y  join
0     T1000341      145.0           S1              L3        R1        1.0  ...        R1        1.0        Yes     54.0  41657.76  both
1     T1000342      144.0           S1              L3        R3        1.0  ...        R3        1.0        Yes     51.0  44448.24  both
2     T1000343      143.0           S3              L2        R3        1.0  ...        R3        1.0        Yes     27.0  22034.85  both
3     T1000344      142.0           S2              L1        R3        1.0  ...        R3        1.0        Yes     35.0  29117.25  both
4     T1000345      141.0           S1              L1        R2        1.0  ...        R2        1.0        Yes     58.0  41675.04  both
...        ...        ...          ...             ...       ...        ...  ...       ...        ...        ...      ...       ...   ...
3929  T1000996      149.0           S2              L3        R2        0.0  ...        R2        0.0        Yes     44.0   37944.0  both
3930  T1000997      305.0           S4              L1        R1        0.0  ...        R1        0.0        Yes     90.0   60003.0  both
3931  T1000998      262.0           S1              L1        R1        0.0  ...        R1        0.0        Yes     57.0   51114.0  both
3932  T1000999      283.0           S4              L1        R1        0.0  ...        R1        0.0        Yes     86.0   57231.0  both
3933  T1001000      283.0           S5              L2        R2        0.0  ...        R2        0.0        Yes     86.0   57231.0  both

[3934 rows x 18 columns]
2022-05-10 15:45:54,789  Summary....
2022-05-10 15:45:54,789    Table_Name  Rows
0   flatfile  1000
1   flatfile  1000
2022-05-10 15:45:54,792  Only Summary....
2022-05-10 15:45:54,792                  Summary  Row_Count
0  Only in Source Table          0
1  Only in Target Table          0
2022-05-10 15:45:54,794  Miss-Match Summary....
2022-05-10 15:45:54,795    Mismatch  Row_Count
0     None          0
2022-05-10 15:45:54,822  Creating Report.....
2022-05-10 15:45:54,822  Success>>>>>>
2022-05-10 15:45:54,830  Exporting the files....
2022-05-10 15:45:54,848  =====================================
2022-05-10 15:45:54,869  =====================================
2022-05-10 15:45:54,869  Executing TestCaseID - Testcase_id4
2022-05-10 15:45:54,870  ------------------------------------
2022-05-10 15:45:54,870  Source Connection Type: c03
2022-05-10 15:45:54,870  source_table
2022-05-10 15:45:54,870  ------------------------------------
2022-05-10 15:45:54,870  Target Connection Type: c03
2022-05-10 15:45:54,870  target_table
2022-05-10 15:46:06,219  Checking Count and Recon....
2022-05-10 15:46:06,257  Miss-Match....
2022-05-10 15:46:06,257  Empty DataFrame
Columns: [id, store_id_source, store_id_target, stote_type_source, stote_type_target, location_type_source, location_type_target, holiday_source, holiday_target, discount_source, discount_target, discount2_source, discount2_target, order1_source, order1_target, sales_source, sales_target]
Index: []
2022-05-10 15:46:06,262  DataFrame....
2022-05-10 15:46:06,262             id  store_id_x stote_type_x location_type_x holiday_x  discount_x  ... holiday_y discount_y  discount2_y  order1_y   sales_y  join
0    T1000341         145           S1              L3        R1           1  ...        R1          1          Yes        54  41657.76  both
1    T1000342         144           S1              L3        R3           1  ...        R3          1          Yes        51  44448.24  both
2    T1000343         143           S3              L2        R3           1  ...        R3          1          Yes        27  22034.85  both
3    T1000344         142           S2              L1        R3           1  ...        R3          1          Yes        35  29117.25  both
4    T1000345         141           S1              L1        R2           1  ...        R2          1          Yes        58  41675.04  both
..        ...         ...          ...             ...       ...         ...  ...       ...        ...          ...       ...       ...   ...
995  T1000996         149           S2              L3        R2           0  ...        R2          0          Yes        44  37944.00  both
996  T1000997         305           S4              L1        R1           0  ...        R1          0          Yes        90  60003.00  both
997  T1000998         262           S1              L1        R1           0  ...        R1          0          Yes        57  51114.00  both
998  T1000999         283           S4              L1        R1           0  ...        R1          0          Yes        86  57231.00  both
999  T1001000         324           S1              L2        R3           0  ...        R3          0          Yes        69  65871.00  both

[1000 rows x 18 columns]
2022-05-10 15:46:06,279  Summary....
2022-05-10 15:46:06,279        Table_Name  Rows
0  mf_stage.TEST  1000
1  mf_stage.TEST  1000
2022-05-10 15:46:06,283  Only Summary....
2022-05-10 15:46:06,284                  Summary  Row_Count
0  Only in Source Table          0
1  Only in Target Table          0
2022-05-10 15:46:06,287  Miss-Match Summary....
2022-05-10 15:46:06,287    Mismatch  Row_Count
0     None          0
2022-05-10 15:46:06,317  Creating Report.....
2022-05-10 15:46:06,317  Success>>>>>>
2022-05-10 15:46:06,326  Exporting the files....
2022-05-10 15:46:06,346  =====================================
2022-05-10 15:46:06,376  =====================================
2022-05-10 15:46:06,377  Executing TestCaseID - Testcase_id5
2022-05-10 15:46:06,377  ------------------------------------
2022-05-10 15:46:06,377  Source Connection Type: c02
2022-05-10 15:46:06,377  source_table
2022-05-10 15:46:06,377  ------------------------------------
2022-05-10 15:46:06,378  Target Connection Type: c02
2022-05-10 15:46:06,378  target_table
2022-05-10 15:46:06,378  Snowflake Connector for Python Version: 2.7.6, Python Version: 3.10.4, Platform: Windows-10-10.0.19043-SP0
2022-05-10 15:46:06,378  This connection is in OCSP Fail Open Mode. TLS Certificates would be checked for validity and revocation status. Any other Certificate Revocation related exceptions or OCSP Responder failures would be disregarded in favor of connectivity.
2022-05-10 15:46:06,379  Setting use_openssl_only mode to False
2022-05-10 15:46:08,297  query: [select * from test.public.sales_record]
2022-05-10 15:46:08,654  query execution done
2022-05-10 15:46:12,171  closed
2022-05-10 15:46:12,363  No async queries seem to be running, deleting session
2022-05-10 15:46:12,578  Snowflake Connector for Python Version: 2.7.6, Python Version: 3.10.4, Platform: Windows-10-10.0.19043-SP0
2022-05-10 15:46:12,578  This connection is in OCSP Fail Open Mode. TLS Certificates would be checked for validity and revocation status. Any other Certificate Revocation related exceptions or OCSP Responder failures would be disregarded in favor of connectivity.
2022-05-10 15:46:13,755  query: [select * from test.public.sales_record]
2022-05-10 15:46:14,186  query execution done
2022-05-10 15:46:18,136  closed
2022-05-10 15:46:18,335  No async queries seem to be running, deleting session
2022-05-10 15:46:18,561  Checking Count and Recon....
2022-05-10 15:46:18,652  Miss-Match....
2022-05-10 15:46:18,653  Empty DataFrame
Columns: [order id, region_source, region_target, country_source, country_target, item type_source, item type_target, sales channel_source, sales channel_target, order priority_source, order priority_target, order date_source, order date_target, ship date_source, ship date_target, units sold_source, units sold_target, unit price_source, unit price_target, unit cost_source, unit cost_target, total revenue_source, total revenue_target, total cost_source, total cost_target, total profit_source, total profit_target]
Index: []
2022-05-10 15:46:18,683  DataFrame....
2022-05-10 15:46:18,684                            region_x                         country_x      item type_x  ... total cost_y total profit_y  join
0               Sub-Saharan Africa                              Chad  Office Supplies  ...   2353920.64      566105.00  both
1                           Europe                            Latvia        Beverages  ...     34174.25       16834.50  both
2     Middle East and North Africa                          Pakistan       Vegetables  ...    592408.95      411291.95  both
3               Sub-Saharan Africa  Democratic Republic of the Congo        Household  ...   3861014.82     1273303.59  both
4                           Europe                    Czech Republic        Beverages  ...    110978.89       54669.06  both
...                            ...                               ...              ...  ...          ...            ...   ...
9995                          Asia                              Laos        Beverages  ...    273298.63      134629.02  both
9996                        Europe                     Liechtenstein        Cosmetics  ...    147991.46       97714.94  both
9997            Sub-Saharan Africa  Democratic Republic of the Congo       Vegetables  ...    229507.32      159340.12  both
9998            Sub-Saharan Africa                      South Africa             Meat  ...   3174991.14      497983.20  both
9999                          Asia                          Mongolia           Snacks  ...     35175.84       19905.54  both

[10000 rows x 28 columns]
2022-05-10 15:46:18,705  Summary....
2022-05-10 15:46:18,705                   Table_Name   Rows
0  test.public.sales_record  10000
1  test.public.sales_record  10000
2022-05-10 15:46:18,708  Only Summary....
2022-05-10 15:46:18,708                  Summary  Row_Count
0  Only in Source Table          0
1  Only in Target Table          0
2022-05-10 15:46:18,712  Miss-Match Summary....
2022-05-10 15:46:18,712    Mismatch  Row_Count
0     None          0
2022-05-10 15:46:18,741  Creating Report.....
2022-05-10 15:46:18,742  Success>>>>>>
2022-05-10 15:46:18,757  Exporting the files....
2022-05-10 15:46:18,775  =====================================
2022-05-10 15:46:18,809  =====================================
2022-05-10 15:46:18,809  Executing TestCaseID - Testcase_id6
2022-05-10 15:46:18,809  ------------------------------------
2022-05-10 15:46:18,809  Source Connection Type: c03
2022-05-10 15:46:18,809  source_table
2022-05-10 15:46:18,810  ------------------------------------
2022-05-10 15:46:18,810  Target Connection Type: c02
2022-05-10 15:46:18,810  target_table
2022-05-10 15:46:24,287  Snowflake Connector for Python Version: 2.7.6, Python Version: 3.10.4, Platform: Windows-10-10.0.19043-SP0
2022-05-10 15:46:24,288  This connection is in OCSP Fail Open Mode. TLS Certificates would be checked for validity and revocation status. Any other Certificate Revocation related exceptions or OCSP Responder failures would be disregarded in favor of connectivity.
2022-05-10 15:46:26,030  query: [select * from test.public.sales_record]
2022-05-10 15:46:26,344  query execution done
2022-05-10 15:46:28,203  closed
2022-05-10 15:46:28,399  No async queries seem to be running, deleting session
2022-05-10 15:46:28,625  Count Checking....
2022-05-10 15:46:28,628  Exporting the files....
2022-05-10 15:46:28,644  =====================================
