2022-05-10 17:44:45,623  =====================================
2022-05-10 17:44:45,624  Executing TestCaseID - Testcase_id1
2022-05-10 17:44:45,624  ------------------------------------
2022-05-10 17:44:45,625  Source Connection Type: c03
2022-05-10 17:44:45,625  source_table
2022-05-10 17:44:45,625  ------------------------------------
2022-05-10 17:44:45,625  Target Connection Type: c07
2022-05-10 17:44:45,625  target_table
2022-05-10 17:44:51,901  Checking Count and Recon....
2022-05-10 17:44:51,948  Miss-Match....
2022-05-10 17:44:51,948             id store_id_source store_id_target holiday_source holiday_target order1_source order1_target sales_source sales_target
0    T1000791             336           336.0            NaN            NaN           107          59.0      74484.0      46891.5
1    T1000792             191           191.0            NaN            NaN            71          62.0      47451.0     55593.72
2    T1000793             360           360.0            NaN            NaN            39          33.0      33873.0     27864.42
3    T1000794             252           252.0            NaN            NaN            66          50.0      52896.0     42577.98
4    T1000795              63            63.0            NaN            NaN            75          67.0      60210.0     47837.25
..        ...             ...             ...            ...            ...           ...           ...          ...          ...
105  T1000896             288           288.0            NaN            NaN            70          70.0      58302.0          nan
106  T1000897             169           169.0            NaN            NaN            68          68.0      60357.0          nan
107  T1000898             312           312.0            NaN            NaN           169         169.0     113463.0          nan
108  T1000899             207           207.0            NaN            NaN            52          52.0      45996.0          nan
109  T1001000             324           283.0             R3             R2            69          86.0      65871.0      57231.0

[110 rows x 9 columns]
2022-05-10 17:44:51,961  DataFrame....
2022-05-10 17:44:51,961              id store_id_x stote_type location_type_x holiday_x discount  ... holiday_y disount1 discout2 order1_y   sales_y        join
0     T1000341        145         S1              L3        R1        1  ...        R1      1.0      Yes     54.0  41657.76        both
1     T1000342        144         S1              L3        R3        1  ...        R3      1.0      Yes     51.0  44448.24        both
2     T1000343        143         S3              L2        R3        1  ...        R3      1.0      Yes     27.0  22034.85        both
3     T1000344        142         S2              L1        R3        1  ...        R3      1.0      Yes     35.0  29117.25        both
4     T1000345        141         S1              L1        R2        1  ...        R2      1.0      Yes     58.0  41675.04        both
...        ...        ...        ...             ...       ...      ...  ...       ...      ...      ...      ...       ...         ...
1335       nan        NaN        NaN             NaN       NaN      NaN  ...        R1      0.0      Yes     88.0   65541.0  right_only
1336       nan        NaN        NaN             NaN       NaN      NaN  ...        R1      0.0      Yes     85.0   60546.0  right_only
1337       nan        NaN        NaN             NaN       NaN      NaN  ...        R4      0.0      Yes     55.0   44340.0  right_only
1338       nan        NaN        NaN             NaN       NaN      NaN  ...        R1      0.0      Yes     46.0   33507.0  right_only
1339       nan        NaN        NaN             NaN       NaN      NaN  ...        R3      0.0      Yes     77.0   67482.0  right_only

[1340 rows x 18 columns]
2022-05-10 17:44:51,978  Summary....
2022-05-10 17:44:51,978        Table_Name  Rows
0  mf_stage.TEST  1000
1       flatfile  1000
2022-05-10 17:44:51,981  Only Summary....
2022-05-10 17:44:51,981                  Summary  Row_Count
0  Only in Source Table        340
1  Only in Target Table         49
2022-05-10 17:44:51,985  Miss-Match Summary....
2022-05-10 17:44:51,985    Mismatch Column  Row Count
0        store_id        110
1         holiday          1
2          order1        110
3           sales        110
2022-05-10 17:44:52,031  Creating Report.....
2022-05-10 17:44:52,062  Success>>>>>>
2022-05-10 17:44:52,155  Exporting the files....
2022-05-10 17:44:52,173  =====================================
2022-05-10 17:44:52,194  =====================================
2022-05-10 17:44:52,195  Executing TestCaseID - Testcase_id2
2022-05-10 17:44:52,195  ------------------------------------
2022-05-10 17:44:52,195  Source Connection Type: c07
2022-05-10 17:44:52,195  source_table
2022-05-10 17:44:52,195  ------------------------------------
2022-05-10 17:44:52,196  Target Connection Type: c03
2022-05-10 17:44:52,196  target_table
2022-05-10 17:44:57,771  Checking Count and Recon....
2022-05-10 17:44:57,819  Miss-Match....
2022-05-10 17:44:57,819             id store_id_source store_id_target holiday_source holiday_target order1_source order1_target sales_source sales_target
0    T1000791           336.0             336            NaN            NaN          59.0           107      46891.5      74484.0
1    T1000792           191.0             191            NaN            NaN          62.0            71     55593.72      47451.0
2    T1000793           360.0             360            NaN            NaN          33.0            39     27864.42      33873.0
3    T1000794           252.0             252            NaN            NaN          50.0            66     42577.98      52896.0
4    T1000795            63.0              63            NaN            NaN          67.0            75     47837.25      60210.0
..        ...             ...             ...            ...            ...           ...           ...          ...          ...
105  T1000896           288.0             288            NaN            NaN          70.0            70          nan      58302.0
106  T1000897           169.0             169            NaN            NaN          68.0            68          nan      60357.0
107  T1000898           312.0             312            NaN            NaN         169.0           169          nan     113463.0
108  T1000899           207.0             207            NaN            NaN          52.0            52          nan      45996.0
109  T1001000           283.0             324             R2             R3          86.0            69      57231.0      65871.0

[110 rows x 9 columns]
2022-05-10 17:44:57,832  DataFrame....
2022-05-10 17:44:57,832              id store_id_x store_type location_type_x holiday_x disount1  ... holiday_y discount discount2 order1_y   sales_y        join
0     T1000341      145.0         S1              L3        R1      1.0  ...        R1        1       Yes       54  41657.76        both
1     T1000342      144.0         S1              L3        R3      1.0  ...        R3        1       Yes       51  44448.24        both
2     T1000343      143.0         S3              L2        R3      1.0  ...        R3        1       Yes       27  22034.85        both
3     T1000344      142.0         S2              L1        R3      1.0  ...        R3        1       Yes       35  29117.25        both
4     T1000345      141.0         S1              L1        R2      1.0  ...        R2        1       Yes       58  41675.04        both
...        ...        ...        ...             ...       ...      ...  ...       ...      ...       ...      ...       ...         ...
1335  T1000336        NaN        NaN             NaN       NaN      NaN  ...        R2        1       Yes       35   32289.9  right_only
1336  T1000337        NaN        NaN             NaN       NaN      NaN  ...        R2        1       Yes       98  76955.76  right_only
1337  T1000338        NaN        NaN             NaN       NaN      NaN  ...        R4        1       Yes      119  82191.06  right_only
1338  T1000339        NaN        NaN             NaN       NaN      NaN  ...        R1        1       Yes       59  41945.64  right_only
1339  T1000340        NaN        NaN             NaN       NaN      NaN  ...        R3        1       Yes       63  42504.12  right_only

[1340 rows x 18 columns]
2022-05-10 17:44:57,849  Summary....
2022-05-10 17:44:57,849        Table_Name  Rows
0       flatfile  1000
1  mf_stage.TEST  1000
2022-05-10 17:44:57,852  Only Summary....
2022-05-10 17:44:57,852                  Summary  Row_Count
0  Only in Source Table         49
1  Only in Target Table        340
2022-05-10 17:44:57,856  Miss-Match Summary....
2022-05-10 17:44:57,856    Mismatch Column  Row Count
0        store_id        110
1         holiday          1
2          order1        110
3           sales        110
2022-05-10 17:44:57,886  Creating Report.....
2022-05-10 17:44:57,916  Success>>>>>>
2022-05-10 17:44:57,976  Exporting the files....
2022-05-10 17:44:57,993  =====================================
2022-05-10 17:44:58,016  =====================================
2022-05-10 17:44:58,016  Executing TestCaseID - Testcase_id3
2022-05-10 17:44:58,016  ------------------------------------
2022-05-10 17:44:58,016  Source Connection Type: c07
2022-05-10 17:44:58,017  source_table
2022-05-10 17:44:58,017  ------------------------------------
2022-05-10 17:44:58,017  Target Connection Type: c07
2022-05-10 17:44:58,017  target_table
2022-05-10 17:44:58,166  Checking Count and Recon....
2022-05-10 17:44:58,196  Miss-Match....
2022-05-10 17:44:58,196  Empty DataFrame
Columns: [id, store_id_source, store_id_target, store_type_source, store_type_target, location_type_source, location_type_target, holiday_source, holiday_target, disount1_source, disount1_target, discout2_source, discout2_target, order1_source, order1_target, sales_source, sales_target]
Index: []
2022-05-10 17:44:58,202  DataFrame....
2022-05-10 17:44:58,202              id store_id_x store_type_x location_type_x holiday_x disount1_x  ... holiday_y disount1_y discout2_y order1_y   sales_y  join
0     T1000341      145.0           S1              L3        R1        1.0  ...        R1        1.0        Yes     54.0  41657.76  both
1     T1000342      144.0           S1              L3        R3        1.0  ...        R3        1.0        Yes     51.0  44448.24  both
2     T1000343      143.0           S3              L2        R3        1.0  ...        R3        1.0        Yes     27.0  22034.85  both
3     T1000344      142.0           S2              L1        R3        1.0  ...        R3        1.0        Yes     35.0  29117.25  both
4     T1000345      141.0           S1              L1        R2        1.0  ...        R2        1.0        Yes     58.0  41675.04  both
...        ...        ...          ...             ...       ...        ...  ...       ...        ...        ...      ...       ...   ...
3929  T1000996      149.0           S2              L3        R2        0.0  ...        R2        0.0        Yes     44.0   37944.0  both
3930  T1000997      305.0           S4              L1        R1        0.0  ...        R1        0.0        Yes     90.0   60003.0  both
3931  T1000998      262.0           S1              L1        R1        0.0  ...        R1        0.0        Yes     57.0   51114.0  both
3932  T1000999      283.0           S4              L1        R1        0.0  ...        R1        0.0        Yes     86.0   57231.0  both
3933  T1001000      283.0           S5              L2        R2        0.0  ...        R2        0.0        Yes     86.0   57231.0  both

[3934 rows x 18 columns]
2022-05-10 17:44:58,221  Summary....
2022-05-10 17:44:58,221    Table_Name  Rows
0   flatfile  1000
1   flatfile  1000
2022-05-10 17:44:58,224  Only Summary....
2022-05-10 17:44:58,224                  Summary  Row_Count
0  Only in Source Table          0
1  Only in Target Table          0
2022-05-10 17:44:58,228  Miss-Match Summary....
2022-05-10 17:44:58,228    Mismatch  Row_Count
0     None          0
2022-05-10 17:44:58,255  Creating Report.....
2022-05-10 17:44:58,255  Success>>>>>>
2022-05-10 17:44:58,264  Exporting the files....
2022-05-10 17:44:58,283  =====================================
2022-05-10 17:44:58,305  =====================================
2022-05-10 17:44:58,306  Executing TestCaseID - Testcase_id4
2022-05-10 17:44:58,306  ------------------------------------
2022-05-10 17:44:58,306  Source Connection Type: c03
2022-05-10 17:44:58,306  source_table
2022-05-10 17:44:58,306  ------------------------------------
2022-05-10 17:44:58,307  Target Connection Type: c03
2022-05-10 17:44:58,307  target_table
2022-05-10 17:45:10,007  Checking Count and Recon....
2022-05-10 17:45:10,039  Miss-Match....
2022-05-10 17:45:10,040  Empty DataFrame
Columns: [id, store_id_source, store_id_target, stote_type_source, stote_type_target, location_type_source, location_type_target, holiday_source, holiday_target, discount_source, discount_target, discount2_source, discount2_target, order1_source, order1_target, sales_source, sales_target]
Index: []
2022-05-10 17:45:10,044  DataFrame....
2022-05-10 17:45:10,044             id  store_id_x stote_type_x location_type_x holiday_x  discount_x  ... holiday_y discount_y  discount2_y  order1_y   sales_y  join
0    T1000341         145           S1              L3        R1           1  ...        R1          1          Yes        54  41657.76  both
1    T1000342         144           S1              L3        R3           1  ...        R3          1          Yes        51  44448.24  both
2    T1000343         143           S3              L2        R3           1  ...        R3          1          Yes        27  22034.85  both
3    T1000344         142           S2              L1        R3           1  ...        R3          1          Yes        35  29117.25  both
4    T1000345         141           S1              L1        R2           1  ...        R2          1          Yes        58  41675.04  both
..        ...         ...          ...             ...       ...         ...  ...       ...        ...          ...       ...       ...   ...
995  T1000996         149           S2              L3        R2           0  ...        R2          0          Yes        44  37944.00  both
996  T1000997         305           S4              L1        R1           0  ...        R1          0          Yes        90  60003.00  both
997  T1000998         262           S1              L1        R1           0  ...        R1          0          Yes        57  51114.00  both
998  T1000999         283           S4              L1        R1           0  ...        R1          0          Yes        86  57231.00  both
999  T1001000         324           S1              L2        R3           0  ...        R3          0          Yes        69  65871.00  both

[1000 rows x 18 columns]
2022-05-10 17:45:10,059  Summary....
2022-05-10 17:45:10,059        Table_Name  Rows
0  mf_stage.TEST  1000
1  mf_stage.TEST  1000
2022-05-10 17:45:10,062  Only Summary....
2022-05-10 17:45:10,062                  Summary  Row_Count
0  Only in Source Table          0
1  Only in Target Table          0
2022-05-10 17:45:10,064  Miss-Match Summary....
2022-05-10 17:45:10,064    Mismatch  Row_Count
0     None          0
2022-05-10 17:45:10,096  Creating Report.....
2022-05-10 17:45:10,097  Success>>>>>>
2022-05-10 17:45:10,106  Exporting the files....
2022-05-10 17:45:10,127  =====================================
2022-05-10 17:45:10,151  =====================================
2022-05-10 17:45:10,152  Executing TestCaseID - Testcase_id5
2022-05-10 17:45:10,152  ------------------------------------
2022-05-10 17:45:10,152  Source Connection Type: c02
2022-05-10 17:45:10,152  source_table
2022-05-10 17:45:10,152  ------------------------------------
2022-05-10 17:45:10,153  Target Connection Type: c02
2022-05-10 17:45:10,153  target_table
2022-05-10 17:45:10,153  Snowflake Connector for Python Version: 2.7.6, Python Version: 3.10.4, Platform: Windows-10-10.0.19043-SP0
2022-05-10 17:45:10,153  This connection is in OCSP Fail Open Mode. TLS Certificates would be checked for validity and revocation status. Any other Certificate Revocation related exceptions or OCSP Responder failures would be disregarded in favor of connectivity.
2022-05-10 17:45:10,153  Setting use_openssl_only mode to False
2022-05-10 17:45:11,634  query: [select * from test.public.sales_record]
2022-05-10 17:45:11,941  query execution done
2022-05-10 17:45:14,624  closed
2022-05-10 17:45:14,810  No async queries seem to be running, deleting session
2022-05-10 17:45:15,029  Snowflake Connector for Python Version: 2.7.6, Python Version: 3.10.4, Platform: Windows-10-10.0.19043-SP0
2022-05-10 17:45:15,029  This connection is in OCSP Fail Open Mode. TLS Certificates would be checked for validity and revocation status. Any other Certificate Revocation related exceptions or OCSP Responder failures would be disregarded in favor of connectivity.
2022-05-10 17:45:16,176  query: [select * from test.public.sales_record]
2022-05-10 17:45:16,433  query execution done
2022-05-10 17:45:19,116  closed
2022-05-10 17:45:19,321  No async queries seem to be running, deleting session
2022-05-10 17:45:19,544  Checking Count and Recon....
2022-05-10 17:45:19,674  Miss-Match....
2022-05-10 17:45:19,674  Empty DataFrame
Columns: [order id, region_source, region_target, country_source, country_target, item type_source, item type_target, sales channel_source, sales channel_target, order priority_source, order priority_target, order date_source, order date_target, ship date_source, ship date_target, units sold_source, units sold_target, unit price_source, unit price_target, unit cost_source, unit cost_target, total revenue_source, total revenue_target, total cost_source, total cost_target, total profit_source, total profit_target]
Index: []
2022-05-10 17:45:19,718  DataFrame....
2022-05-10 17:45:19,718                            region_x                         country_x      item type_x  ... total cost_y total profit_y  join
0               Sub-Saharan Africa                              Chad  Office Supplies  ...   2353920.64      566105.00  both
1                           Europe                            Latvia        Beverages  ...     34174.25       16834.50  both
2     Middle East and North Africa                          Pakistan       Vegetables  ...    592408.95      411291.95  both
3               Sub-Saharan Africa  Democratic Republic of the Congo        Household  ...   3861014.82     1273303.59  both
4                           Europe                    Czech Republic        Beverages  ...    110978.89       54669.06  both
...                            ...                               ...              ...  ...          ...            ...   ...
9995                          Asia                              Laos        Beverages  ...    273298.63      134629.02  both
9996                        Europe                     Liechtenstein        Cosmetics  ...    147991.46       97714.94  both
9997            Sub-Saharan Africa  Democratic Republic of the Congo       Vegetables  ...    229507.32      159340.12  both
9998            Sub-Saharan Africa                      South Africa             Meat  ...   3174991.14      497983.20  both
9999                          Asia                          Mongolia           Snacks  ...     35175.84       19905.54  both

[10000 rows x 28 columns]
2022-05-10 17:45:19,749  Summary....
2022-05-10 17:45:19,749                   Table_Name   Rows
0  test.public.sales_record  10000
1  test.public.sales_record  10000
2022-05-10 17:45:19,752  Only Summary....
2022-05-10 17:45:19,752                  Summary  Row_Count
0  Only in Source Table          0
1  Only in Target Table          0
2022-05-10 17:45:19,757  Miss-Match Summary....
2022-05-10 17:45:19,757    Mismatch  Row_Count
0     None          0
2022-05-10 17:45:19,797  Creating Report.....
2022-05-10 17:45:19,797  Success>>>>>>
2022-05-10 17:45:19,811  Exporting the files....
2022-05-10 17:45:19,838  =====================================
2022-05-10 17:45:19,876  =====================================
2022-05-10 17:45:19,876  Executing TestCaseID - Testcase_id6
2022-05-10 17:45:19,876  ------------------------------------
2022-05-10 17:45:19,876  Source Connection Type: c03
2022-05-10 17:45:19,876  source_table
2022-05-10 17:45:19,876  ------------------------------------
2022-05-10 17:45:19,876  Target Connection Type: c02
2022-05-10 17:45:19,876  target_table
2022-05-10 17:45:25,427  Snowflake Connector for Python Version: 2.7.6, Python Version: 3.10.4, Platform: Windows-10-10.0.19043-SP0
2022-05-10 17:45:25,428  This connection is in OCSP Fail Open Mode. TLS Certificates would be checked for validity and revocation status. Any other Certificate Revocation related exceptions or OCSP Responder failures would be disregarded in favor of connectivity.
2022-05-10 17:45:26,675  query: [select * from test.public.sales_record]
2022-05-10 17:45:26,948  query execution done
2022-05-10 17:45:30,679  closed
2022-05-10 17:45:30,904  No async queries seem to be running, deleting session
2022-05-10 17:45:31,127  Count Checking....
2022-05-10 17:45:31,129  Exporting the files....
2022-05-10 17:45:31,145  =====================================
