2022-05-10 14:19:33,907  =====================================
2022-05-10 14:19:33,907  Executing TestCaseID - Testcase_id1
2022-05-10 14:19:33,909  ------------------------------------
2022-05-10 14:19:33,909  Source Connection Type: c03
2022-05-10 14:19:33,909  source_table
2022-05-10 14:19:33,909  ------------------------------------
2022-05-10 14:19:33,909  Target Connection Type: c07
2022-05-10 14:19:33,910  target_table
2022-05-10 14:19:39,777  Checking Count and Recon....
2022-05-10 14:19:39,855  Miss-Match....
2022-05-10 14:19:39,855             id store_id_source store_id_target holiday_source holiday_target order1_source order1_target sales_source sales_target
0    T1000791             336           336.0            NaN            NaN           107          59.0      74484.0      46891.5
1    T1000792             191           191.0            NaN            NaN            71          62.0      47451.0     55593.72
2    T1000793             360           360.0            NaN            NaN            39          33.0      33873.0     27864.42
3    T1000794             252           252.0            NaN            NaN            66          50.0      52896.0     42577.98
4    T1000795              63            63.0            NaN            NaN            75          67.0      60210.0     47837.25
..        ...             ...             ...            ...            ...           ...           ...          ...          ...
105  T1000896             288           288.0            NaN            NaN            70          70.0      58302.0          nan
106  T1000897             169           169.0            NaN            NaN            68          68.0      60357.0          nan
107  T1000898             312           312.0            NaN            NaN           169         169.0     113463.0          nan
108  T1000899             207           207.0            NaN            NaN            52          52.0      45996.0          nan
109  T1001000             324           283.0             R3             R2            69          86.0      65871.0      57231.0

[110 rows x 9 columns]
2022-05-10 14:19:39,873  DataFrame....
2022-05-10 14:19:39,873              id store_id_x stote_type location_type_x holiday_x discount  ... holiday_y disount1 discout2 order1_y   sales_y        join
0     T1000341        145         S1              L3        R1        1  ...        R1      1.0      Yes     54.0  41657.76        both
1     T1000342        144         S1              L3        R3        1  ...        R3      1.0      Yes     51.0  44448.24        both
2     T1000343        143         S3              L2        R3        1  ...        R3      1.0      Yes     27.0  22034.85        both
3     T1000344        142         S2              L1        R3        1  ...        R3      1.0      Yes     35.0  29117.25        both
4     T1000345        141         S1              L1        R2        1  ...        R2      1.0      Yes     58.0  41675.04        both
...        ...        ...        ...             ...       ...      ...  ...       ...      ...      ...      ...       ...         ...
1335       nan        NaN        NaN             NaN       NaN      NaN  ...        R1      0.0      Yes     88.0   65541.0  right_only
1336       nan        NaN        NaN             NaN       NaN      NaN  ...        R1      0.0      Yes     85.0   60546.0  right_only
1337       nan        NaN        NaN             NaN       NaN      NaN  ...        R4      0.0      Yes     55.0   44340.0  right_only
1338       nan        NaN        NaN             NaN       NaN      NaN  ...        R1      0.0      Yes     46.0   33507.0  right_only
1339       nan        NaN        NaN             NaN       NaN      NaN  ...        R3      0.0      Yes     77.0   67482.0  right_only

[1340 rows x 18 columns]
2022-05-10 14:19:39,894  Summary....
2022-05-10 14:19:39,894        Table_Name  Rows
0  mf_stage.TEST  1000
1       flatfile  1000
2022-05-10 14:19:39,894  Only Summary....
2022-05-10 14:19:39,894                  Summary  Row_Count
0  Only in Source Table        340
1  Only in Target Table         49
2022-05-10 14:19:39,894  Miss-Match Summary....
2022-05-10 14:19:39,894    Mismatch Column  Row Count
0        store_id        110
1         holiday          1
2          order1        110
3           sales        110
2022-05-10 14:19:39,973  Creating Report.....
2022-05-10 14:19:40,016  Success>>>>>>
2022-05-10 14:19:40,096  Exporting the files....
2022-05-10 14:19:40,129  =====================================
2022-05-10 14:19:40,145  =====================================
2022-05-10 14:19:40,145  Executing TestCaseID - Testcase_id2
2022-05-10 14:19:40,145  ------------------------------------
2022-05-10 14:19:40,145  Source Connection Type: c07
2022-05-10 14:19:40,145  source_table
2022-05-10 14:19:40,145  ------------------------------------
2022-05-10 14:19:40,145  Target Connection Type: c03
2022-05-10 14:19:40,145  target_table
2022-05-10 14:19:45,111  Checking Count and Recon....
2022-05-10 14:19:45,182  Miss-Match....
2022-05-10 14:19:45,182             id store_id_source store_id_target holiday_source holiday_target order1_source order1_target sales_source sales_target
0    T1000791           336.0             336            NaN            NaN          59.0           107      46891.5      74484.0
1    T1000792           191.0             191            NaN            NaN          62.0            71     55593.72      47451.0
2    T1000793           360.0             360            NaN            NaN          33.0            39     27864.42      33873.0
3    T1000794           252.0             252            NaN            NaN          50.0            66     42577.98      52896.0
4    T1000795            63.0              63            NaN            NaN          67.0            75     47837.25      60210.0
..        ...             ...             ...            ...            ...           ...           ...          ...          ...
105  T1000896           288.0             288            NaN            NaN          70.0            70          nan      58302.0
106  T1000897           169.0             169            NaN            NaN          68.0            68          nan      60357.0
107  T1000898           312.0             312            NaN            NaN         169.0           169          nan     113463.0
108  T1000899           207.0             207            NaN            NaN          52.0            52          nan      45996.0
109  T1001000           283.0             324             R2             R3          86.0            69      57231.0      65871.0

[110 rows x 9 columns]
2022-05-10 14:19:45,191  DataFrame....
2022-05-10 14:19:45,191              id store_id_x store_type location_type_x holiday_x disount1  ... holiday_y discount discount2 order1_y   sales_y        join
0     T1000341      145.0         S1              L3        R1      1.0  ...        R1        1       Yes       54  41657.76        both
1     T1000342      144.0         S1              L3        R3      1.0  ...        R3        1       Yes       51  44448.24        both
2     T1000343      143.0         S3              L2        R3      1.0  ...        R3        1       Yes       27  22034.85        both
3     T1000344      142.0         S2              L1        R3      1.0  ...        R3        1       Yes       35  29117.25        both
4     T1000345      141.0         S1              L1        R2      1.0  ...        R2        1       Yes       58  41675.04        both
...        ...        ...        ...             ...       ...      ...  ...       ...      ...       ...      ...       ...         ...
1335  T1000336        NaN        NaN             NaN       NaN      NaN  ...        R2        1       Yes       35   32289.9  right_only
1336  T1000337        NaN        NaN             NaN       NaN      NaN  ...        R2        1       Yes       98  76955.76  right_only
1337  T1000338        NaN        NaN             NaN       NaN      NaN  ...        R4        1       Yes      119  82191.06  right_only
1338  T1000339        NaN        NaN             NaN       NaN      NaN  ...        R1        1       Yes       59  41945.64  right_only
1339  T1000340        NaN        NaN             NaN       NaN      NaN  ...        R3        1       Yes       63  42504.12  right_only

[1340 rows x 18 columns]
2022-05-10 14:19:45,215  Summary....
2022-05-10 14:19:45,215        Table_Name  Rows
0       flatfile  1000
1  mf_stage.TEST  1000
2022-05-10 14:19:45,222  Only Summary....
2022-05-10 14:19:45,222                  Summary  Row_Count
0  Only in Source Table         49
1  Only in Target Table        340
2022-05-10 14:19:45,222  Miss-Match Summary....
2022-05-10 14:19:45,222    Mismatch Column  Row Count
0        store_id        110
1         holiday          1
2          order1        110
3           sales        110
2022-05-10 14:19:45,266  Creating Report.....
2022-05-10 14:19:45,311  Success>>>>>>
2022-05-10 14:19:45,411  Exporting the files....
2022-05-10 14:19:45,446  =====================================
2022-05-10 14:19:45,471  =====================================
2022-05-10 14:19:45,471  Executing TestCaseID - Testcase_id3
2022-05-10 14:19:45,471  ------------------------------------
2022-05-10 14:19:45,471  Source Connection Type: c07
2022-05-10 14:19:45,471  source_table
2022-05-10 14:19:45,471  ------------------------------------
2022-05-10 14:19:45,471  Target Connection Type: c07
2022-05-10 14:19:45,471  target_table
2022-05-10 14:19:45,681  Checking Count and Recon....
2022-05-10 14:19:45,748  Miss-Match....
2022-05-10 14:19:45,752  Empty DataFrame
Columns: [id, store_id_source, store_id_target, store_type_source, store_type_target, location_type_source, location_type_target, holiday_source, holiday_target, disount1_source, disount1_target, discout2_source, discout2_target, order1_source, order1_target, sales_source, sales_target]
Index: []
2022-05-10 14:19:45,761  DataFrame....
2022-05-10 14:19:45,761              id store_id_x store_type_x location_type_x holiday_x disount1_x  ... holiday_y disount1_y discout2_y order1_y   sales_y  join
0     T1000341      145.0           S1              L3        R1        1.0  ...        R1        1.0        Yes     54.0  41657.76  both
1     T1000342      144.0           S1              L3        R3        1.0  ...        R3        1.0        Yes     51.0  44448.24  both
2     T1000343      143.0           S3              L2        R3        1.0  ...        R3        1.0        Yes     27.0  22034.85  both
3     T1000344      142.0           S2              L1        R3        1.0  ...        R3        1.0        Yes     35.0  29117.25  both
4     T1000345      141.0           S1              L1        R2        1.0  ...        R2        1.0        Yes     58.0  41675.04  both
...        ...        ...          ...             ...       ...        ...  ...       ...        ...        ...      ...       ...   ...
3929  T1000996      149.0           S2              L3        R2        0.0  ...        R2        0.0        Yes     44.0   37944.0  both
3930  T1000997      305.0           S4              L1        R1        0.0  ...        R1        0.0        Yes     90.0   60003.0  both
3931  T1000998      262.0           S1              L1        R1        0.0  ...        R1        0.0        Yes     57.0   51114.0  both
3932  T1000999      283.0           S4              L1        R1        0.0  ...        R1        0.0        Yes     86.0   57231.0  both
3933  T1001000      283.0           S5              L2        R2        0.0  ...        R2        0.0        Yes     86.0   57231.0  both

[3934 rows x 18 columns]
2022-05-10 14:19:45,801  Summary....
2022-05-10 14:19:45,801    Table_Name  Rows
0   flatfile  1000
1   flatfile  1000
2022-05-10 14:19:45,811  Only Summary....
2022-05-10 14:19:45,811                  Summary  Row_Count
0  Only in Source Table          0
1  Only in Target Table          0
2022-05-10 14:19:45,811  Miss-Match Summary....
2022-05-10 14:19:45,811    Mismatch  Row_Count
0     None          0
2022-05-10 14:19:45,861  Creating Report.....
2022-05-10 14:19:45,861  Success>>>>>>
2022-05-10 14:19:45,871  Exporting the files....
2022-05-10 14:19:45,891  =====================================
2022-05-10 14:19:45,921  =====================================
2022-05-10 14:19:45,921  Executing TestCaseID - Testcase_id4
2022-05-10 14:19:45,921  ------------------------------------
2022-05-10 14:19:45,921  Source Connection Type: c03
2022-05-10 14:19:45,921  source_table
2022-05-10 14:19:45,921  ------------------------------------
2022-05-10 14:19:45,921  Target Connection Type: c03
2022-05-10 14:19:45,921  target_table
2022-05-10 14:19:55,859  Checking Count and Recon....
2022-05-10 14:19:55,893  Miss-Match....
2022-05-10 14:19:55,893  Empty DataFrame
Columns: [id, store_id_source, store_id_target, stote_type_source, stote_type_target, location_type_source, location_type_target, holiday_source, holiday_target, discount_source, discount_target, discount2_source, discount2_target, order1_source, order1_target, sales_source, sales_target]
Index: []
2022-05-10 14:19:55,893  DataFrame....
2022-05-10 14:19:55,893             id  store_id_x stote_type_x location_type_x holiday_x  discount_x  ... holiday_y discount_y  discount2_y  order1_y   sales_y  join
0    T1000341         145           S1              L3        R1           1  ...        R1          1          Yes        54  41657.76  both
1    T1000342         144           S1              L3        R3           1  ...        R3          1          Yes        51  44448.24  both
2    T1000343         143           S3              L2        R3           1  ...        R3          1          Yes        27  22034.85  both
3    T1000344         142           S2              L1        R3           1  ...        R3          1          Yes        35  29117.25  both
4    T1000345         141           S1              L1        R2           1  ...        R2          1          Yes        58  41675.04  both
..        ...         ...          ...             ...       ...         ...  ...       ...        ...          ...       ...       ...   ...
995  T1000996         149           S2              L3        R2           0  ...        R2          0          Yes        44  37944.00  both
996  T1000997         305           S4              L1        R1           0  ...        R1          0          Yes        90  60003.00  both
997  T1000998         262           S1              L1        R1           0  ...        R1          0          Yes        57  51114.00  both
998  T1000999         283           S4              L1        R1           0  ...        R1          0          Yes        86  57231.00  both
999  T1001000         324           S1              L2        R3           0  ...        R3          0          Yes        69  65871.00  both

[1000 rows x 18 columns]
2022-05-10 14:19:55,909  Summary....
2022-05-10 14:19:55,909        Table_Name  Rows
0  mf_stage.TEST  1000
1  mf_stage.TEST  1000
2022-05-10 14:19:55,925  Only Summary....
2022-05-10 14:19:55,925                  Summary  Row_Count
0  Only in Source Table          0
1  Only in Target Table          0
2022-05-10 14:19:55,925  Miss-Match Summary....
2022-05-10 14:19:55,925    Mismatch  Row_Count
0     None          0
2022-05-10 14:19:55,986  Creating Report.....
2022-05-10 14:19:56,002  Success>>>>>>
2022-05-10 14:19:56,003  Exporting the files....
2022-05-10 14:19:56,023  =====================================
2022-05-10 14:19:56,062  =====================================
2022-05-10 14:19:56,062  Executing TestCaseID - Testcase_id5
2022-05-10 14:19:56,062  ------------------------------------
2022-05-10 14:19:56,062  Source Connection Type: c02
2022-05-10 14:19:56,062  source_table
2022-05-10 14:19:56,062  ------------------------------------
2022-05-10 14:19:56,062  Target Connection Type: c02
2022-05-10 14:19:56,062  target_table
2022-05-10 14:19:56,062  Snowflake Connector for Python Version: 2.7.6, Python Version: 3.10.4, Platform: Windows-10-10.0.19043-SP0
2022-05-10 14:19:56,062  This connection is in OCSP Fail Open Mode. TLS Certificates would be checked for validity and revocation status. Any other Certificate Revocation related exceptions or OCSP Responder failures would be disregarded in favor of connectivity.
2022-05-10 14:19:56,062  Setting use_openssl_only mode to False
2022-05-10 14:19:57,280  query: [select * from test.public.sales_record]
2022-05-10 14:19:57,627  query execution done
2022-05-10 14:19:59,522  Failed to get OCSP response after 1 attempt.
2022-05-10 14:19:59,523  Failed to get OCSP response after 1 attempt.
2022-05-10 14:19:59,523  Failed to get OCSP response after 1 attempt.
2022-05-10 14:19:59,523  Failed to get OCSP response after 1 attempt.
2022-05-10 14:20:00,738  Failed to get OCSP response after 1 attempt. Consider checking for OCSP URLs being blocked
2022-05-10 14:20:00,738  Failed to get OCSP response after 1 attempt. Consider checking for OCSP URLs being blocked
2022-05-10 14:20:00,738  Failed to get OCSP response after 1 attempt. Consider checking for OCSP URLs being blocked
2022-05-10 14:20:00,738  Failed to get OCSP response after 1 attempt. Consider checking for OCSP URLs being blocked
2022-05-10 14:20:00,740  WARNING!!! Using fail-open to connect. Driver is connecting to an HTTPS endpoint without OCSP based Certificate Revocation checking as it could not obtain a valid OCSP Response to use from the CA OCSP responder. Details: 
 {'eventType': 'RevocationCheckFailure', 'eventSubType': 'OCSPResponseCacheDownloadFailed|OCSPResponseFetchFailure', 'sfcPeerHost': '0zefgwsfcb1stg.blob.core.windows.net', 'certId': 'MEowBwYFKw4DAhoEFFIe42xHgRmpywP6t05X4Rl68YGLBBS1dgwwEc7HkkJNTMdcLMipDOgLZAITEgAlp9Glxk+PLqeUHwAAACWn0Q==', 'ocspRequestBase64': 'MFIwUDBOMEwwSjAHBgUrDgMCGgQUUh7jbEeBGanLA/q3TlfhGXrxgYsEFLV2DDARzseSQk1Mx1wsyKkM6AtkAhMSACWn0aXGT48up5QfAAAAJafR', 'ocspResponderURL': 'http://ocsp.msocsp.com', 'errorMessage': '254014: 254014: Failed to get OCSP response after 1 attempt.', 'insecureMode': False, 'failOpen': True, 'cacheEnabled': True, 'cacheHit': False}
2022-05-10 14:20:00,740  WARNING!!! Using fail-open to connect. Driver is connecting to an HTTPS endpoint without OCSP based Certificate Revocation checking as it could not obtain a valid OCSP Response to use from the CA OCSP responder. Details: 
 {'eventType': 'RevocationCheckFailure', 'eventSubType': 'OCSPResponseCacheDownloadFailed|OCSPResponseFetchFailure', 'sfcPeerHost': '0zefgwsfcb1stg.blob.core.windows.net', 'certId': 'MEowBwYFKw4DAhoEFFIe42xHgRmpywP6t05X4Rl68YGLBBS1dgwwEc7HkkJNTMdcLMipDOgLZAITEgAlp9Glxk+PLqeUHwAAACWn0Q==', 'ocspRequestBase64': 'MFIwUDBOMEwwSjAHBgUrDgMCGgQUUh7jbEeBGanLA/q3TlfhGXrxgYsEFLV2DDARzseSQk1Mx1wsyKkM6AtkAhMSACWn0aXGT48up5QfAAAAJafR', 'ocspResponderURL': 'http://ocsp.msocsp.com', 'errorMessage': '254014: 254014: Failed to get OCSP response after 1 attempt.', 'insecureMode': False, 'failOpen': True, 'cacheEnabled': True, 'cacheHit': False}
2022-05-10 14:20:00,740  WARNING!!! Using fail-open to connect. Driver is connecting to an HTTPS endpoint without OCSP based Certificate Revocation checking as it could not obtain a valid OCSP Response to use from the CA OCSP responder. Details: 
 {'eventType': 'RevocationCheckFailure', 'eventSubType': 'OCSPResponseCacheDownloadFailed|OCSPResponseFetchFailure', 'sfcPeerHost': '0zefgwsfcb1stg.blob.core.windows.net', 'certId': 'MEowBwYFKw4DAhoEFFIe42xHgRmpywP6t05X4Rl68YGLBBS1dgwwEc7HkkJNTMdcLMipDOgLZAITEgAlp9Glxk+PLqeUHwAAACWn0Q==', 'ocspRequestBase64': 'MFIwUDBOMEwwSjAHBgUrDgMCGgQUUh7jbEeBGanLA/q3TlfhGXrxgYsEFLV2DDARzseSQk1Mx1wsyKkM6AtkAhMSACWn0aXGT48up5QfAAAAJafR', 'ocspResponderURL': 'http://ocsp.msocsp.com', 'errorMessage': '254014: 254014: Failed to get OCSP response after 1 attempt.', 'insecureMode': False, 'failOpen': True, 'cacheEnabled': True, 'cacheHit': False}
2022-05-10 14:20:00,748  WARNING!!! Using fail-open to connect. Driver is connecting to an HTTPS endpoint without OCSP based Certificate Revocation checking as it could not obtain a valid OCSP Response to use from the CA OCSP responder. Details: 
 {'eventType': 'RevocationCheckFailure', 'eventSubType': 'OCSPResponseCacheDownloadFailed|OCSPResponseFetchFailure', 'sfcPeerHost': '0zefgwsfcb1stg.blob.core.windows.net', 'certId': 'MEowBwYFKw4DAhoEFFIe42xHgRmpywP6t05X4Rl68YGLBBS1dgwwEc7HkkJNTMdcLMipDOgLZAITEgAlp9Glxk+PLqeUHwAAACWn0Q==', 'ocspRequestBase64': 'MFIwUDBOMEwwSjAHBgUrDgMCGgQUUh7jbEeBGanLA/q3TlfhGXrxgYsEFLV2DDARzseSQk1Mx1wsyKkM6AtkAhMSACWn0aXGT48up5QfAAAAJafR', 'ocspResponderURL': 'http://ocsp.msocsp.com', 'errorMessage': '254014: 254014: Failed to get OCSP response after 1 attempt.', 'insecureMode': False, 'failOpen': True, 'cacheEnabled': True, 'cacheHit': False}
2022-05-10 14:20:02,877  closed
2022-05-10 14:20:03,025  No async queries seem to be running, deleting session
2022-05-10 14:20:03,216  Snowflake Connector for Python Version: 2.7.6, Python Version: 3.10.4, Platform: Windows-10-10.0.19043-SP0
2022-05-10 14:20:03,216  This connection is in OCSP Fail Open Mode. TLS Certificates would be checked for validity and revocation status. Any other Certificate Revocation related exceptions or OCSP Responder failures would be disregarded in favor of connectivity.
2022-05-10 14:20:04,279  query: [select * from test.public.sales_record]
2022-05-10 14:20:04,547  query execution done
2022-05-10 14:20:06,248  Failed to get OCSP response after 1 attempt.
2022-05-10 14:20:06,264  Failed to get OCSP response after 1 attempt.
2022-05-10 14:20:06,264  Failed to get OCSP response after 1 attempt.
2022-05-10 14:20:06,318  Failed to get OCSP response after 1 attempt.
2022-05-10 14:20:07,418  Failed to get OCSP response after 1 attempt. Consider checking for OCSP URLs being blocked
2022-05-10 14:20:07,421  WARNING!!! Using fail-open to connect. Driver is connecting to an HTTPS endpoint without OCSP based Certificate Revocation checking as it could not obtain a valid OCSP Response to use from the CA OCSP responder. Details: 
 {'eventType': 'RevocationCheckFailure', 'eventSubType': 'OCSPResponseCacheDownloadFailed|OCSPResponseFetchFailure', 'sfcPeerHost': '0zefgwsfcb1stg.blob.core.windows.net', 'certId': 'MEowBwYFKw4DAhoEFFIe42xHgRmpywP6t05X4Rl68YGLBBS1dgwwEc7HkkJNTMdcLMipDOgLZAITEgAlp9Glxk+PLqeUHwAAACWn0Q==', 'ocspRequestBase64': 'MFIwUDBOMEwwSjAHBgUrDgMCGgQUUh7jbEeBGanLA/q3TlfhGXrxgYsEFLV2DDARzseSQk1Mx1wsyKkM6AtkAhMSACWn0aXGT48up5QfAAAAJafR', 'ocspResponderURL': 'http://ocsp.msocsp.com', 'errorMessage': '254014: 254014: Failed to get OCSP response after 1 attempt.', 'insecureMode': False, 'failOpen': True, 'cacheEnabled': True, 'cacheHit': False}
2022-05-10 14:20:07,437  Failed to get OCSP response after 1 attempt. Consider checking for OCSP URLs being blocked
2022-05-10 14:20:07,440  WARNING!!! Using fail-open to connect. Driver is connecting to an HTTPS endpoint without OCSP based Certificate Revocation checking as it could not obtain a valid OCSP Response to use from the CA OCSP responder. Details: 
 {'eventType': 'RevocationCheckFailure', 'eventSubType': 'OCSPResponseCacheDownloadFailed|OCSPResponseFetchFailure', 'sfcPeerHost': '0zefgwsfcb1stg.blob.core.windows.net', 'certId': 'MEowBwYFKw4DAhoEFFIe42xHgRmpywP6t05X4Rl68YGLBBS1dgwwEc7HkkJNTMdcLMipDOgLZAITEgAlp9Glxk+PLqeUHwAAACWn0Q==', 'ocspRequestBase64': 'MFIwUDBOMEwwSjAHBgUrDgMCGgQUUh7jbEeBGanLA/q3TlfhGXrxgYsEFLV2DDARzseSQk1Mx1wsyKkM6AtkAhMSACWn0aXGT48up5QfAAAAJafR', 'ocspResponderURL': 'http://ocsp.msocsp.com', 'errorMessage': '254014: 254014: Failed to get OCSP response after 1 attempt.', 'insecureMode': False, 'failOpen': True, 'cacheEnabled': True, 'cacheHit': False}
2022-05-10 14:20:07,453  Failed to get OCSP response after 1 attempt. Consider checking for OCSP URLs being blocked
2022-05-10 14:20:07,456  WARNING!!! Using fail-open to connect. Driver is connecting to an HTTPS endpoint without OCSP based Certificate Revocation checking as it could not obtain a valid OCSP Response to use from the CA OCSP responder. Details: 
 {'eventType': 'RevocationCheckFailure', 'eventSubType': 'OCSPResponseCacheDownloadFailed|OCSPResponseFetchFailure', 'sfcPeerHost': '0zefgwsfcb1stg.blob.core.windows.net', 'certId': 'MEowBwYFKw4DAhoEFFIe42xHgRmpywP6t05X4Rl68YGLBBS1dgwwEc7HkkJNTMdcLMipDOgLZAITEgAlp9Glxk+PLqeUHwAAACWn0Q==', 'ocspRequestBase64': 'MFIwUDBOMEwwSjAHBgUrDgMCGgQUUh7jbEeBGanLA/q3TlfhGXrxgYsEFLV2DDARzseSQk1Mx1wsyKkM6AtkAhMSACWn0aXGT48up5QfAAAAJafR', 'ocspResponderURL': 'http://ocsp.msocsp.com', 'errorMessage': '254014: 254014: Failed to get OCSP response after 1 attempt.', 'insecureMode': False, 'failOpen': True, 'cacheEnabled': True, 'cacheHit': False}
2022-05-10 14:20:07,470  Failed to get OCSP response after 1 attempt. Consider checking for OCSP URLs being blocked
2022-05-10 14:20:07,471  WARNING!!! Using fail-open to connect. Driver is connecting to an HTTPS endpoint without OCSP based Certificate Revocation checking as it could not obtain a valid OCSP Response to use from the CA OCSP responder. Details: 
 {'eventType': 'RevocationCheckFailure', 'eventSubType': 'OCSPResponseCacheDownloadFailed|OCSPResponseFetchFailure', 'sfcPeerHost': '0zefgwsfcb1stg.blob.core.windows.net', 'certId': 'MEowBwYFKw4DAhoEFFIe42xHgRmpywP6t05X4Rl68YGLBBS1dgwwEc7HkkJNTMdcLMipDOgLZAITEgAlp9Glxk+PLqeUHwAAACWn0Q==', 'ocspRequestBase64': 'MFIwUDBOMEwwSjAHBgUrDgMCGgQUUh7jbEeBGanLA/q3TlfhGXrxgYsEFLV2DDARzseSQk1Mx1wsyKkM6AtkAhMSACWn0aXGT48up5QfAAAAJafR', 'ocspResponderURL': 'http://ocsp.msocsp.com', 'errorMessage': '254014: 254014: Failed to get OCSP response after 1 attempt.', 'insecureMode': False, 'failOpen': True, 'cacheEnabled': True, 'cacheHit': False}
2022-05-10 14:20:08,145  closed
2022-05-10 14:20:08,304  No async queries seem to be running, deleting session
2022-05-10 14:20:08,489  Checking Count and Recon....
2022-05-10 14:20:08,569  Miss-Match....
2022-05-10 14:20:08,569  Empty DataFrame
Columns: [order id, region_source, region_target, country_source, country_target, item type_source, item type_target, sales channel_source, sales channel_target, order priority_source, order priority_target, order date_source, order date_target, ship date_source, ship date_target, units sold_source, units sold_target, unit price_source, unit price_target, unit cost_source, unit cost_target, total revenue_source, total revenue_target, total cost_source, total cost_target, total profit_source, total profit_target]
Index: []
2022-05-10 14:20:08,604  DataFrame....
2022-05-10 14:20:08,604                            region_x                         country_x      item type_x  ... total cost_y total profit_y  join
0               Sub-Saharan Africa                              Chad  Office Supplies  ...   2353920.64      566105.00  both
1                           Europe                            Latvia        Beverages  ...     34174.25       16834.50  both
2     Middle East and North Africa                          Pakistan       Vegetables  ...    592408.95      411291.95  both
3               Sub-Saharan Africa  Democratic Republic of the Congo        Household  ...   3861014.82     1273303.59  both
4                           Europe                    Czech Republic        Beverages  ...    110978.89       54669.06  both
...                            ...                               ...              ...  ...          ...            ...   ...
9995                          Asia                              Laos        Beverages  ...    273298.63      134629.02  both
9996                        Europe                     Liechtenstein        Cosmetics  ...    147991.46       97714.94  both
9997            Sub-Saharan Africa  Democratic Republic of the Congo       Vegetables  ...    229507.32      159340.12  both
9998            Sub-Saharan Africa                      South Africa             Meat  ...   3174991.14      497983.20  both
9999                          Asia                          Mongolia           Snacks  ...     35175.84       19905.54  both

[10000 rows x 28 columns]
2022-05-10 14:20:08,638  Summary....
2022-05-10 14:20:08,638                   Table_Name   Rows
0  test.public.sales_record  10000
1  test.public.sales_record  10000
2022-05-10 14:20:08,638  Only Summary....
2022-05-10 14:20:08,638                  Summary  Row_Count
0  Only in Source Table          0
1  Only in Target Table          0
2022-05-10 14:20:08,638  Miss-Match Summary....
2022-05-10 14:20:08,638    Mismatch  Row_Count
0     None          0
2022-05-10 14:20:08,694  Creating Report.....
2022-05-10 14:20:08,694  Success>>>>>>
2022-05-10 14:20:08,710  Exporting the files....
2022-05-10 14:20:08,726  =====================================
2022-05-10 14:20:08,758  =====================================
2022-05-10 14:20:08,758  Executing TestCaseID - Testcase_id6
2022-05-10 14:20:08,758  ------------------------------------
2022-05-10 14:20:08,758  Source Connection Type: c03
2022-05-10 14:20:08,758  source_table
2022-05-10 14:20:08,758  ------------------------------------
2022-05-10 14:20:08,758  Target Connection Type: c02
2022-05-10 14:20:08,758  target_table
2022-05-10 14:20:14,585  Snowflake Connector for Python Version: 2.7.6, Python Version: 3.10.4, Platform: Windows-10-10.0.19043-SP0
2022-05-10 14:20:14,585  This connection is in OCSP Fail Open Mode. TLS Certificates would be checked for validity and revocation status. Any other Certificate Revocation related exceptions or OCSP Responder failures would be disregarded in favor of connectivity.
2022-05-10 14:20:15,486  query: [select * from test.public.sales_record]
2022-05-10 14:20:15,709  query execution done
2022-05-10 14:20:17,407  Failed to get OCSP response after 1 attempt.
2022-05-10 14:20:17,407  Failed to get OCSP response after 1 attempt.
2022-05-10 14:20:17,407  Failed to get OCSP response after 1 attempt.
2022-05-10 14:20:17,430  Failed to get OCSP response after 1 attempt.
2022-05-10 14:20:18,587  Failed to get OCSP response after 1 attempt. Consider checking for OCSP URLs being blocked
2022-05-10 14:20:18,587  Failed to get OCSP response after 1 attempt. Consider checking for OCSP URLs being blocked
2022-05-10 14:20:18,587  WARNING!!! Using fail-open to connect. Driver is connecting to an HTTPS endpoint without OCSP based Certificate Revocation checking as it could not obtain a valid OCSP Response to use from the CA OCSP responder. Details: 
 {'eventType': 'RevocationCheckFailure', 'eventSubType': 'OCSPResponseCacheDownloadFailed|OCSPResponseFetchFailure', 'sfcPeerHost': '0zefgwsfcb1stg.blob.core.windows.net', 'certId': 'MEowBwYFKw4DAhoEFFIe42xHgRmpywP6t05X4Rl68YGLBBS1dgwwEc7HkkJNTMdcLMipDOgLZAITEgAlp9Glxk+PLqeUHwAAACWn0Q==', 'ocspRequestBase64': 'MFIwUDBOMEwwSjAHBgUrDgMCGgQUUh7jbEeBGanLA/q3TlfhGXrxgYsEFLV2DDARzseSQk1Mx1wsyKkM6AtkAhMSACWn0aXGT48up5QfAAAAJafR', 'ocspResponderURL': 'http://ocsp.msocsp.com', 'errorMessage': '254014: 254014: Failed to get OCSP response after 1 attempt.', 'insecureMode': False, 'failOpen': True, 'cacheEnabled': True, 'cacheHit': False}
2022-05-10 14:20:18,587  WARNING!!! Using fail-open to connect. Driver is connecting to an HTTPS endpoint without OCSP based Certificate Revocation checking as it could not obtain a valid OCSP Response to use from the CA OCSP responder. Details: 
 {'eventType': 'RevocationCheckFailure', 'eventSubType': 'OCSPResponseCacheDownloadFailed|OCSPResponseFetchFailure', 'sfcPeerHost': '0zefgwsfcb1stg.blob.core.windows.net', 'certId': 'MEowBwYFKw4DAhoEFFIe42xHgRmpywP6t05X4Rl68YGLBBS1dgwwEc7HkkJNTMdcLMipDOgLZAITEgAlp9Glxk+PLqeUHwAAACWn0Q==', 'ocspRequestBase64': 'MFIwUDBOMEwwSjAHBgUrDgMCGgQUUh7jbEeBGanLA/q3TlfhGXrxgYsEFLV2DDARzseSQk1Mx1wsyKkM6AtkAhMSACWn0aXGT48up5QfAAAAJafR', 'ocspResponderURL': 'http://ocsp.msocsp.com', 'errorMessage': '254014: 254014: Failed to get OCSP response after 1 attempt.', 'insecureMode': False, 'failOpen': True, 'cacheEnabled': True, 'cacheHit': False}
2022-05-10 14:20:18,602  Failed to get OCSP response after 1 attempt. Consider checking for OCSP URLs being blocked
2022-05-10 14:20:18,602  Failed to get OCSP response after 1 attempt. Consider checking for OCSP URLs being blocked
2022-05-10 14:20:18,602  WARNING!!! Using fail-open to connect. Driver is connecting to an HTTPS endpoint without OCSP based Certificate Revocation checking as it could not obtain a valid OCSP Response to use from the CA OCSP responder. Details: 
 {'eventType': 'RevocationCheckFailure', 'eventSubType': 'OCSPResponseCacheDownloadFailed|OCSPResponseFetchFailure', 'sfcPeerHost': '0zefgwsfcb1stg.blob.core.windows.net', 'certId': 'MEowBwYFKw4DAhoEFFIe42xHgRmpywP6t05X4Rl68YGLBBS1dgwwEc7HkkJNTMdcLMipDOgLZAITEgAlp9Glxk+PLqeUHwAAACWn0Q==', 'ocspRequestBase64': 'MFIwUDBOMEwwSjAHBgUrDgMCGgQUUh7jbEeBGanLA/q3TlfhGXrxgYsEFLV2DDARzseSQk1Mx1wsyKkM6AtkAhMSACWn0aXGT48up5QfAAAAJafR', 'ocspResponderURL': 'http://ocsp.msocsp.com', 'errorMessage': '254014: 254014: Failed to get OCSP response after 1 attempt.', 'insecureMode': False, 'failOpen': True, 'cacheEnabled': True, 'cacheHit': False}
2022-05-10 14:20:18,618  WARNING!!! Using fail-open to connect. Driver is connecting to an HTTPS endpoint without OCSP based Certificate Revocation checking as it could not obtain a valid OCSP Response to use from the CA OCSP responder. Details: 
 {'eventType': 'RevocationCheckFailure', 'eventSubType': 'OCSPResponseCacheDownloadFailed|OCSPResponseFetchFailure', 'sfcPeerHost': '0zefgwsfcb1stg.blob.core.windows.net', 'certId': 'MEowBwYFKw4DAhoEFFIe42xHgRmpywP6t05X4Rl68YGLBBS1dgwwEc7HkkJNTMdcLMipDOgLZAITEgAlp9Glxk+PLqeUHwAAACWn0Q==', 'ocspRequestBase64': 'MFIwUDBOMEwwSjAHBgUrDgMCGgQUUh7jbEeBGanLA/q3TlfhGXrxgYsEFLV2DDARzseSQk1Mx1wsyKkM6AtkAhMSACWn0aXGT48up5QfAAAAJafR', 'ocspResponderURL': 'http://ocsp.msocsp.com', 'errorMessage': '254014: 254014: Failed to get OCSP response after 1 attempt.', 'insecureMode': False, 'failOpen': True, 'cacheEnabled': True, 'cacheHit': False}
2022-05-10 14:20:20,824  closed
2022-05-10 14:20:20,989  No async queries seem to be running, deleting session
2022-05-10 14:20:21,205  Count Checking....
2022-05-10 14:20:21,221  Exporting the files....
2022-05-10 14:20:21,241  =====================================
