2022-05-10 17:34:27,531  =====================================
2022-05-10 17:34:27,532  Executing TestCaseID - Testcase_id1
2022-05-10 17:34:27,532  ------------------------------------
2022-05-10 17:34:27,532  Source Connection Type: c03
2022-05-10 17:34:27,532  source_table
2022-05-10 17:34:27,533  ------------------------------------
2022-05-10 17:34:27,533  Target Connection Type: c07
2022-05-10 17:34:27,533  target_table
2022-05-10 17:34:31,627  Checking Count and Recon....
2022-05-10 17:34:31,628  name 'src' is not defined
2022-05-10 17:34:31,628  Exporting the files....
2022-05-10 17:34:31,641  =====================================
2022-05-10 17:34:31,680  =====================================
2022-05-10 17:34:31,681  Executing TestCaseID - Testcase_id2
2022-05-10 17:34:31,681  ------------------------------------
2022-05-10 17:34:31,681  Source Connection Type: c07
2022-05-10 17:34:31,681  source_table
2022-05-10 17:34:31,681  ------------------------------------
2022-05-10 17:34:31,682  Target Connection Type: c03
2022-05-10 17:34:31,682  target_table
2022-05-10 17:34:35,413  Checking Count and Recon....
2022-05-10 17:34:35,444  Miss-Match....
2022-05-10 17:34:35,444  Empty DataFrame
Columns: [id, store_id_source, store_id_target, store_type_source, store_type_target, location_type_source, location_type_target, holiday_source, holiday_target, disount1_source, disount1_target, discout2_source, discout2_target, order1_source, order1_target, sales_source, sales_target]
Index: []
2022-05-10 17:34:35,453  DataFrame....
2022-05-10 17:34:35,455              id store_id_x store_type_x location_type_x holiday_x disount1_x  ... holiday_y disount1_y discout2_y order1_y   sales_y  join
0     T1000341      145.0           S1              L3        R1        1.0  ...        R1        1.0        Yes     54.0  41657.76  both
1     T1000342      144.0           S1              L3        R3        1.0  ...        R3        1.0        Yes     51.0  44448.24  both
2     T1000343      143.0           S3              L2        R3        1.0  ...        R3        1.0        Yes     27.0  22034.85  both
3     T1000344      142.0           S2              L1        R3        1.0  ...        R3        1.0        Yes     35.0  29117.25  both
4     T1000345      141.0           S1              L1        R2        1.0  ...        R2        1.0        Yes     58.0  41675.04  both
...        ...        ...          ...             ...       ...        ...  ...       ...        ...        ...      ...       ...   ...
3929  T1000996      149.0           S2              L3        R2        0.0  ...        R2        0.0        Yes     44.0   37944.0  both
3930  T1000997      305.0           S4              L1        R1        0.0  ...        R1        0.0        Yes     90.0   60003.0  both
3931  T1000998      262.0           S1              L1        R1        0.0  ...        R1        0.0        Yes     57.0   51114.0  both
3932  T1000999      283.0           S4              L1        R1        0.0  ...        R1        0.0        Yes     86.0   57231.0  both
3933  T1001000      283.0           S5              L2        R2        0.0  ...        R2        0.0        Yes     86.0   57231.0  both

[3934 rows x 18 columns]
2022-05-10 17:34:35,472  Summary....
2022-05-10 17:34:35,473        Table_Name  Rows
0       flatfile  1000
1  mf_stage.TEST  1000
2022-05-10 17:34:35,476  Only Summary....
2022-05-10 17:34:35,476                  Summary  Row_Count
0  Only in Source Table          0
1  Only in Target Table          0
2022-05-10 17:34:35,479  Miss-Match Summary....
2022-05-10 17:34:35,479    Mismatch  Row_Count
0     None          0
2022-05-10 17:34:35,507  Creating Report.....
2022-05-10 17:34:35,507  Success>>>>>>
2022-05-10 17:34:35,519  Exporting the files....
2022-05-10 17:34:35,539  =====================================
2022-05-10 17:34:35,564  =====================================
2022-05-10 17:34:35,565  Executing TestCaseID - Testcase_id3
2022-05-10 17:34:35,565  ------------------------------------
2022-05-10 17:34:35,565  Source Connection Type: c07
2022-05-10 17:34:35,565  source_table
2022-05-10 17:34:35,566  ------------------------------------
2022-05-10 17:34:35,566  Target Connection Type: c07
2022-05-10 17:34:35,566  target_table
2022-05-10 17:34:35,713  Checking Count and Recon....
2022-05-10 17:34:35,757  Miss-Match....
2022-05-10 17:34:35,757  Empty DataFrame
Columns: [id, store_id_source, store_id_target, store_type_source, store_type_target, location_type_source, location_type_target, holiday_source, holiday_target, disount1_source, disount1_target, discout2_source, discout2_target, order1_source, order1_target, sales_source, sales_target]
Index: []
2022-05-10 17:34:35,762  DataFrame....
2022-05-10 17:34:35,762              id  store_id_x store_type_x location_type_x holiday_x  disount1_x  ... holiday_y  disount1_y  discout2_y  order1_y   sales_y  join
0     T1000341       145.0           S1              L3        R1         1.0  ...        R1         1.0         Yes      54.0  41657.76  both
1     T1000342       144.0           S1              L3        R3         1.0  ...        R3         1.0         Yes      51.0  44448.24  both
2     T1000343       143.0           S3              L2        R3         1.0  ...        R3         1.0         Yes      27.0  22034.85  both
3     T1000344       142.0           S2              L1        R3         1.0  ...        R3         1.0         Yes      35.0  29117.25  both
4     T1000345       141.0           S1              L1        R2         1.0  ...        R2         1.0         Yes      58.0  41675.04  both
...        ...         ...          ...             ...       ...         ...  ...       ...         ...         ...       ...       ...   ...
3929  T1000996       149.0           S2              L3        R2         0.0  ...        R2         0.0         Yes      44.0  37944.00  both
3930  T1000997       305.0           S4              L1        R1         0.0  ...        R1         0.0         Yes      90.0  60003.00  both
3931  T1000998       262.0           S1              L1        R1         0.0  ...        R1         0.0         Yes      57.0  51114.00  both
3932  T1000999       283.0           S4              L1        R1         0.0  ...        R1         0.0         Yes      86.0  57231.00  both
3933  T1001000       283.0           S5              L2        R2         0.0  ...        R2         0.0         Yes      86.0  57231.00  both

[3934 rows x 18 columns]
2022-05-10 17:34:35,779  Summary....
2022-05-10 17:34:35,779    Table_Name  Rows
0   flatfile  1000
1   flatfile  1000
2022-05-10 17:34:35,782  Only Summary....
2022-05-10 17:34:35,783                  Summary  Row_Count
0  Only in Source Table          0
1  Only in Target Table          0
2022-05-10 17:34:35,787  Miss-Match Summary....
2022-05-10 17:34:35,787    Mismatch  Row_Count
0     None          0
2022-05-10 17:34:35,815  Creating Report.....
2022-05-10 17:34:35,815  Success>>>>>>
2022-05-10 17:34:35,827  Exporting the files....
2022-05-10 17:34:35,845  =====================================
2022-05-10 17:34:35,882  =====================================
2022-05-10 17:34:35,883  Executing TestCaseID - Testcase_id4
2022-05-10 17:34:35,884  ------------------------------------
2022-05-10 17:34:35,885  Source Connection Type: c03
2022-05-10 17:34:35,885  source_table
2022-05-10 17:34:35,885  ------------------------------------
2022-05-10 17:34:35,885  Target Connection Type: c03
2022-05-10 17:34:35,886  target_table
2022-05-10 17:34:43,268  Checking Count and Recon....
2022-05-10 17:34:43,302  Miss-Match....
2022-05-10 17:34:43,302  Empty DataFrame
Columns: [id, store_id_source, store_id_target, store_type_source, store_type_target, location_type_source, location_type_target, holiday_source, holiday_target, disount1_source, disount1_target, discout2_source, discout2_target, order1_source, order1_target, sales_source, sales_target]
Index: []
2022-05-10 17:34:43,307  DataFrame....
2022-05-10 17:34:43,307              id  store_id_x store_type_x location_type_x holiday_x  disount1_x  ... holiday_y  disount1_y  discout2_y  order1_y   sales_y  join
0     T1000341       145.0           S1              L3        R1         1.0  ...        R1         1.0         Yes      54.0  41657.76  both
1     T1000342       144.0           S1              L3        R3         1.0  ...        R3         1.0         Yes      51.0  44448.24  both
2     T1000343       143.0           S3              L2        R3         1.0  ...        R3         1.0         Yes      27.0  22034.85  both
3     T1000344       142.0           S2              L1        R3         1.0  ...        R3         1.0         Yes      35.0  29117.25  both
4     T1000345       141.0           S1              L1        R2         1.0  ...        R2         1.0         Yes      58.0  41675.04  both
...        ...         ...          ...             ...       ...         ...  ...       ...         ...         ...       ...       ...   ...
3929  T1000996       149.0           S2              L3        R2         0.0  ...        R2         0.0         Yes      44.0  37944.00  both
3930  T1000997       305.0           S4              L1        R1         0.0  ...        R1         0.0         Yes      90.0  60003.00  both
3931  T1000998       262.0           S1              L1        R1         0.0  ...        R1         0.0         Yes      57.0  51114.00  both
3932  T1000999       283.0           S4              L1        R1         0.0  ...        R1         0.0         Yes      86.0  57231.00  both
3933  T1001000       283.0           S5              L2        R2         0.0  ...        R2         0.0         Yes      86.0  57231.00  both

[3934 rows x 18 columns]
2022-05-10 17:34:43,324  Summary....
2022-05-10 17:34:43,324        Table_Name  Rows
0  mf_stage.TEST  1000
1  mf_stage.TEST  1000
2022-05-10 17:34:43,327  Only Summary....
2022-05-10 17:34:43,327                  Summary  Row_Count
0  Only in Source Table          0
1  Only in Target Table          0
2022-05-10 17:34:43,335  Miss-Match Summary....
2022-05-10 17:34:43,336    Mismatch  Row_Count
0     None          0
2022-05-10 17:34:43,370  Creating Report.....
2022-05-10 17:34:43,370  Success>>>>>>
2022-05-10 17:34:43,380  Exporting the files....
2022-05-10 17:34:43,399  =====================================
2022-05-10 17:34:43,421  =====================================
2022-05-10 17:34:43,422  Executing TestCaseID - Testcase_id5
2022-05-10 17:34:43,422  ------------------------------------
2022-05-10 17:34:43,422  Source Connection Type: c02
2022-05-10 17:34:43,422  source_table
2022-05-10 17:34:43,422  ------------------------------------
2022-05-10 17:34:43,422  Target Connection Type: c02
2022-05-10 17:34:43,422  target_table
2022-05-10 17:34:43,423  Snowflake Connector for Python Version: 2.7.6, Python Version: 3.10.4, Platform: Windows-10-10.0.19043-SP0
2022-05-10 17:34:43,423  This connection is in OCSP Fail Open Mode. TLS Certificates would be checked for validity and revocation status. Any other Certificate Revocation related exceptions or OCSP Responder failures would be disregarded in favor of connectivity.
2022-05-10 17:34:43,423  Setting use_openssl_only mode to False
2022-05-10 17:34:45,395  query: [select * from test.public.sales_record]
2022-05-10 17:34:45,694  query execution done
2022-05-10 17:34:49,329  closed
2022-05-10 17:34:49,542  No async queries seem to be running, deleting session
2022-05-10 17:34:49,772  Snowflake Connector for Python Version: 2.7.6, Python Version: 3.10.4, Platform: Windows-10-10.0.19043-SP0
2022-05-10 17:34:49,773  This connection is in OCSP Fail Open Mode. TLS Certificates would be checked for validity and revocation status. Any other Certificate Revocation related exceptions or OCSP Responder failures would be disregarded in favor of connectivity.
2022-05-10 17:34:51,529  query: [select * from test.public.sales_record]
2022-05-10 17:34:51,805  query execution done
2022-05-10 17:34:54,395  closed
2022-05-10 17:34:54,596  No async queries seem to be running, deleting session
2022-05-10 17:34:54,823  Checking Count and Recon....
2022-05-10 17:34:54,913  Miss-Match....
2022-05-10 17:34:54,913  Empty DataFrame
Columns: [order id, region_source, region_target, country_source, country_target, item type_source, item type_target, sales channel_source, sales channel_target, order priority_source, order priority_target, order date_source, order date_target, ship date_source, ship date_target, units sold_source, units sold_target, unit price_source, unit price_target, unit cost_source, unit cost_target, total revenue_source, total revenue_target, total cost_source, total cost_target, total profit_source, total profit_target]
Index: []
2022-05-10 17:34:54,937  DataFrame....
2022-05-10 17:34:54,937                            region_x                         country_x      item type_x  ... total cost_y total profit_y  join
0               Sub-Saharan Africa                              Chad  Office Supplies  ...   2353920.64      566105.00  both
1                           Europe                            Latvia        Beverages  ...     34174.25       16834.50  both
2     Middle East and North Africa                          Pakistan       Vegetables  ...    592408.95      411291.95  both
3               Sub-Saharan Africa  Democratic Republic of the Congo        Household  ...   3861014.82     1273303.59  both
4                           Europe                    Czech Republic        Beverages  ...    110978.89       54669.06  both
...                            ...                               ...              ...  ...          ...            ...   ...
9995                          Asia                              Laos        Beverages  ...    273298.63      134629.02  both
9996                        Europe                     Liechtenstein        Cosmetics  ...    147991.46       97714.94  both
9997            Sub-Saharan Africa  Democratic Republic of the Congo       Vegetables  ...    229507.32      159340.12  both
9998            Sub-Saharan Africa                      South Africa             Meat  ...   3174991.14      497983.20  both
9999                          Asia                          Mongolia           Snacks  ...     35175.84       19905.54  both

[10000 rows x 28 columns]
2022-05-10 17:34:54,962  Summary....
2022-05-10 17:34:54,962                   Table_Name   Rows
0  test.public.sales_record  10000
1  test.public.sales_record  10000
2022-05-10 17:34:54,965  Only Summary....
2022-05-10 17:34:54,965                  Summary  Row_Count
0  Only in Source Table          0
1  Only in Target Table          0
2022-05-10 17:34:54,968  Miss-Match Summary....
2022-05-10 17:34:54,968    Mismatch  Row_Count
0     None          0
2022-05-10 17:34:54,997  Creating Report.....
2022-05-10 17:34:54,997  Success>>>>>>
2022-05-10 17:34:55,010  Exporting the files....
2022-05-10 17:34:55,028  =====================================
2022-05-10 17:34:55,055  =====================================
2022-05-10 17:34:55,055  Executing TestCaseID - Testcase_id6
2022-05-10 17:34:55,056  ------------------------------------
2022-05-10 17:34:55,056  Source Connection Type: c03
2022-05-10 17:34:55,056  source_table
2022-05-10 17:34:55,056  ------------------------------------
2022-05-10 17:34:55,056  Target Connection Type: c02
2022-05-10 17:34:55,056  target_table
2022-05-10 17:34:58,741  Snowflake Connector for Python Version: 2.7.6, Python Version: 3.10.4, Platform: Windows-10-10.0.19043-SP0
2022-05-10 17:34:58,741  This connection is in OCSP Fail Open Mode. TLS Certificates would be checked for validity and revocation status. Any other Certificate Revocation related exceptions or OCSP Responder failures would be disregarded in favor of connectivity.
2022-05-10 17:35:00,023  query: [select * from test.public.sales_record]
2022-05-10 17:35:00,274  query execution done
2022-05-10 17:35:03,302  closed
2022-05-10 17:35:03,512  No async queries seem to be running, deleting session
2022-05-10 17:35:03,745  Count Checking....
2022-05-10 17:35:03,747  Exporting the files....
2022-05-10 17:35:03,778  =====================================
