2022-05-10 17:30:41,126  =====================================
2022-05-10 17:30:41,126  Executing TestCaseID - Testcase_id1
2022-05-10 17:30:41,127  ------------------------------------
2022-05-10 17:30:41,127  Source Connection Type: c03
2022-05-10 17:30:41,127  source_table
2022-05-10 17:30:41,127  ------------------------------------
2022-05-10 17:30:41,128  Target Connection Type: c07
2022-05-10 17:30:41,128  target_table
2022-05-10 17:30:44,439  Checking Count and Recon....
2022-05-10 17:30:44,440  name 'src' is not defined
2022-05-10 17:30:44,440  Exporting the files....
2022-05-10 17:30:44,452  =====================================
2022-05-10 17:30:44,499  =====================================
2022-05-10 17:30:44,499  Executing TestCaseID - Testcase_id2
2022-05-10 17:30:44,499  ------------------------------------
2022-05-10 17:30:44,499  Source Connection Type: c07
2022-05-10 17:30:44,500  source_table
2022-05-10 17:30:44,500  ------------------------------------
2022-05-10 17:30:44,500  Target Connection Type: c03
2022-05-10 17:30:44,500  target_table
2022-05-10 17:30:50,095  Checking Count and Recon....
2022-05-10 17:30:50,098  Can only compare identically-labeled Series objects
2022-05-10 17:30:50,098  Exporting the files....
2022-05-10 17:30:50,115  =====================================
2022-05-10 17:30:50,138  =====================================
2022-05-10 17:30:50,138  Executing TestCaseID - Testcase_id3
2022-05-10 17:30:50,138  ------------------------------------
2022-05-10 17:30:50,139  Source Connection Type: c07
2022-05-10 17:30:50,139  source_table
2022-05-10 17:30:50,139  ------------------------------------
2022-05-10 17:30:50,139  Target Connection Type: c07
2022-05-10 17:30:50,139  target_table
2022-05-10 17:30:50,252  Checking Count and Recon....
2022-05-10 17:30:50,283  Miss-Match....
2022-05-10 17:30:50,283  Empty DataFrame
Columns: [id, store_id_source, store_id_target, store_type_source, store_type_target, location_type_source, location_type_target, holiday_source, holiday_target, disount1_source, disount1_target, discout2_source, discout2_target, order1_source, order1_target, sales_source, sales_target]
Index: []
2022-05-10 17:30:50,290  DataFrame....
2022-05-10 17:30:50,290              id  store_id_x store_type_x location_type_x holiday_x  disount1_x  ... holiday_y  disount1_y  discout2_y  order1_y   sales_y  join
0     T1000341       145.0           S1              L3        R1         1.0  ...        R1         1.0         Yes      54.0  41657.76  both
1     T1000342       144.0           S1              L3        R3         1.0  ...        R3         1.0         Yes      51.0  44448.24  both
2     T1000343       143.0           S3              L2        R3         1.0  ...        R3         1.0         Yes      27.0  22034.85  both
3     T1000344       142.0           S2              L1        R3         1.0  ...        R3         1.0         Yes      35.0  29117.25  both
4     T1000345       141.0           S1              L1        R2         1.0  ...        R2         1.0         Yes      58.0  41675.04  both
...        ...         ...          ...             ...       ...         ...  ...       ...         ...         ...       ...       ...   ...
3929  T1000996       149.0           S2              L3        R2         0.0  ...        R2         0.0         Yes      44.0  37944.00  both
3930  T1000997       305.0           S4              L1        R1         0.0  ...        R1         0.0         Yes      90.0  60003.00  both
3931  T1000998       262.0           S1              L1        R1         0.0  ...        R1         0.0         Yes      57.0  51114.00  both
3932  T1000999       283.0           S4              L1        R1         0.0  ...        R1         0.0         Yes      86.0  57231.00  both
3933  T1001000       283.0           S5              L2        R2         0.0  ...        R2         0.0         Yes      86.0  57231.00  both

[3934 rows x 18 columns]
2022-05-10 17:30:50,307  Summary....
2022-05-10 17:30:50,307    Table_Name  Rows
0   flatfile  1000
1   flatfile  1000
2022-05-10 17:30:50,311  Only Summary....
2022-05-10 17:30:50,311                  Summary  Row_Count
0  Only in Source Table          0
1  Only in Target Table          0
2022-05-10 17:30:50,314  Miss-Match Summary....
2022-05-10 17:30:50,314    Mismatch  Row_Count
0     None          0
2022-05-10 17:30:50,352  Creating Report.....
2022-05-10 17:30:50,352  Success>>>>>>
2022-05-10 17:30:50,361  Exporting the files....
2022-05-10 17:30:50,378  =====================================
2022-05-10 17:30:50,401  =====================================
2022-05-10 17:30:50,401  Executing TestCaseID - Testcase_id4
2022-05-10 17:30:50,401  ------------------------------------
2022-05-10 17:30:50,401  Source Connection Type: c03
2022-05-10 17:30:50,401  source_table
2022-05-10 17:30:50,401  ------------------------------------
2022-05-10 17:30:50,402  Target Connection Type: c03
2022-05-10 17:30:50,402  target_table
2022-05-10 17:31:01,736  Checking Count and Recon....
2022-05-10 17:31:01,763  Miss-Match....
2022-05-10 17:31:01,763  Empty DataFrame
Columns: [id, store_id_source, store_id_target, stote_type_source, stote_type_target, location_type_source, location_type_target, holiday_source, holiday_target, discount_source, discount_target, discount2_source, discount2_target, order1_source, order1_target, sales_source, sales_target]
Index: []
2022-05-10 17:31:01,769  DataFrame....
2022-05-10 17:31:01,769             id  store_id_x stote_type_x location_type_x holiday_x  discount_x  ... holiday_y discount_y  discount2_y  order1_y   sales_y  join
0    T1000341         145           S1              L3        R1           1  ...        R1          1          Yes        54  41657.76  both
1    T1000342         144           S1              L3        R3           1  ...        R3          1          Yes        51  44448.24  both
2    T1000343         143           S3              L2        R3           1  ...        R3          1          Yes        27  22034.85  both
3    T1000344         142           S2              L1        R3           1  ...        R3          1          Yes        35  29117.25  both
4    T1000345         141           S1              L1        R2           1  ...        R2          1          Yes        58  41675.04  both
..        ...         ...          ...             ...       ...         ...  ...       ...        ...          ...       ...       ...   ...
995  T1000996         149           S2              L3        R2           0  ...        R2          0          Yes        44  37944.00  both
996  T1000997         305           S4              L1        R1           0  ...        R1          0          Yes        90  60003.00  both
997  T1000998         262           S1              L1        R1           0  ...        R1          0          Yes        57  51114.00  both
998  T1000999         283           S4              L1        R1           0  ...        R1          0          Yes        86  57231.00  both
999  T1001000         324           S1              L2        R3           0  ...        R3          0          Yes        69  65871.00  both

[1000 rows x 18 columns]
2022-05-10 17:31:01,785  Summary....
2022-05-10 17:31:01,785        Table_Name  Rows
0  mf_stage.TEST  1000
1  mf_stage.TEST  1000
2022-05-10 17:31:01,790  Only Summary....
2022-05-10 17:31:01,790                  Summary  Row_Count
0  Only in Source Table          0
1  Only in Target Table          0
2022-05-10 17:31:01,794  Miss-Match Summary....
2022-05-10 17:31:01,794    Mismatch  Row_Count
0     None          0
2022-05-10 17:31:01,837  Creating Report.....
2022-05-10 17:31:01,838  Success>>>>>>
2022-05-10 17:31:01,848  Exporting the files....
2022-05-10 17:31:01,869  =====================================
2022-05-10 17:31:01,896  =====================================
2022-05-10 17:31:01,897  Executing TestCaseID - Testcase_id5
2022-05-10 17:31:01,897  ------------------------------------
2022-05-10 17:31:01,897  Source Connection Type: c02
2022-05-10 17:31:01,897  source_table
2022-05-10 17:31:01,897  ------------------------------------
2022-05-10 17:31:01,897  Target Connection Type: c02
2022-05-10 17:31:01,897  target_table
2022-05-10 17:31:01,898  Snowflake Connector for Python Version: 2.7.6, Python Version: 3.10.4, Platform: Windows-10-10.0.19043-SP0
2022-05-10 17:31:01,898  This connection is in OCSP Fail Open Mode. TLS Certificates would be checked for validity and revocation status. Any other Certificate Revocation related exceptions or OCSP Responder failures would be disregarded in favor of connectivity.
2022-05-10 17:31:01,898  Setting use_openssl_only mode to False
2022-05-10 17:31:03,687  query: [select * from test.public.sales_record]
2022-05-10 17:31:04,053  query execution done
2022-05-10 17:31:06,040  closed
2022-05-10 17:31:06,232  No async queries seem to be running, deleting session
2022-05-10 17:31:06,438  Snowflake Connector for Python Version: 2.7.6, Python Version: 3.10.4, Platform: Windows-10-10.0.19043-SP0
2022-05-10 17:31:06,439  This connection is in OCSP Fail Open Mode. TLS Certificates would be checked for validity and revocation status. Any other Certificate Revocation related exceptions or OCSP Responder failures would be disregarded in favor of connectivity.
2022-05-10 17:31:08,214  query: [select * from test.public.sales_record]
2022-05-10 17:31:08,535  query execution done
2022-05-10 17:31:10,651  closed
2022-05-10 17:31:10,867  No async queries seem to be running, deleting session
2022-05-10 17:31:11,117  Checking Count and Recon....
2022-05-10 17:31:11,244  Miss-Match....
2022-05-10 17:31:11,245  Empty DataFrame
Columns: [order id, region_source, region_target, country_source, country_target, item type_source, item type_target, sales channel_source, sales channel_target, order priority_source, order priority_target, order date_source, order date_target, ship date_source, ship date_target, units sold_source, units sold_target, unit price_source, unit price_target, unit cost_source, unit cost_target, total revenue_source, total revenue_target, total cost_source, total cost_target, total profit_source, total profit_target]
Index: []
2022-05-10 17:31:11,293  DataFrame....
2022-05-10 17:31:11,294                            region_x                         country_x      item type_x  ... total cost_y total profit_y  join
0               Sub-Saharan Africa                              Chad  Office Supplies  ...   2353920.64      566105.00  both
1                           Europe                            Latvia        Beverages  ...     34174.25       16834.50  both
2     Middle East and North Africa                          Pakistan       Vegetables  ...    592408.95      411291.95  both
3               Sub-Saharan Africa  Democratic Republic of the Congo        Household  ...   3861014.82     1273303.59  both
4                           Europe                    Czech Republic        Beverages  ...    110978.89       54669.06  both
...                            ...                               ...              ...  ...          ...            ...   ...
9995                          Asia                              Laos        Beverages  ...    273298.63      134629.02  both
9996                        Europe                     Liechtenstein        Cosmetics  ...    147991.46       97714.94  both
9997            Sub-Saharan Africa  Democratic Republic of the Congo       Vegetables  ...    229507.32      159340.12  both
9998            Sub-Saharan Africa                      South Africa             Meat  ...   3174991.14      497983.20  both
9999                          Asia                          Mongolia           Snacks  ...     35175.84       19905.54  both

[10000 rows x 28 columns]
2022-05-10 17:31:11,328  Summary....
2022-05-10 17:31:11,328                   Table_Name   Rows
0  test.public.sales_record  10000
1  test.public.sales_record  10000
2022-05-10 17:31:11,330  Only Summary....
2022-05-10 17:31:11,330                  Summary  Row_Count
0  Only in Source Table          0
1  Only in Target Table          0
2022-05-10 17:31:11,334  Miss-Match Summary....
2022-05-10 17:31:11,334    Mismatch  Row_Count
0     None          0
2022-05-10 17:31:11,370  Creating Report.....
2022-05-10 17:31:11,371  Success>>>>>>
2022-05-10 17:31:11,384  Exporting the files....
2022-05-10 17:31:11,405  =====================================
2022-05-10 17:31:11,436  =====================================
2022-05-10 17:31:11,437  Executing TestCaseID - Testcase_id6
2022-05-10 17:31:11,437  ------------------------------------
2022-05-10 17:31:11,437  Source Connection Type: c03
2022-05-10 17:31:11,438  source_table
2022-05-10 17:31:11,438  ------------------------------------
2022-05-10 17:31:11,439  Target Connection Type: c02
2022-05-10 17:31:11,439  target_table
2022-05-10 17:31:17,820  Snowflake Connector for Python Version: 2.7.6, Python Version: 3.10.4, Platform: Windows-10-10.0.19043-SP0
2022-05-10 17:31:17,820  This connection is in OCSP Fail Open Mode. TLS Certificates would be checked for validity and revocation status. Any other Certificate Revocation related exceptions or OCSP Responder failures would be disregarded in favor of connectivity.
2022-05-10 17:31:18,946  query: [select * from test.public.sales_record]
2022-05-10 17:31:19,182  query execution done
2022-05-10 17:31:21,754  closed
2022-05-10 17:31:21,943  No async queries seem to be running, deleting session
2022-05-10 17:31:22,161  Count Checking....
2022-05-10 17:31:22,164  Exporting the files....
2022-05-10 17:31:22,181  =====================================
